[debug] [2017-06-28T00:06:06.061Z] ----------------------------------------------------------------------
[debug] [2017-06-28T00:06:06.069Z] Command:      C:\Program Files\nodejs\node.exe C:\Users\thiag\AppData\Roaming\npm\node_modules\firebase-tools\bin\firebase deploy
[debug] [2017-06-28T00:06:06.069Z] CLI Version:  3.9.1
[debug] [2017-06-28T00:06:06.069Z] Platform:     win32
[debug] [2017-06-28T00:06:06.070Z] Node Version: v8.1.2
[debug] [2017-06-28T00:06:06.070Z] Time:         Tue Jun 27 2017 21:06:06 GMT-0300 (Hora oficial do Brasil)
[debug] [2017-06-28T00:06:06.070Z] ----------------------------------------------------------------------
[debug] 
[debug] [2017-06-28T00:06:06.090Z] > command requires scopes: ["email","openid","https://www.googleapis.com/auth/cloudplatformprojects.readonly","https://www.googleapis.com/auth/firebase","https://www.googleapis.com/auth/cloud-platform"]
[debug] [2017-06-28T00:06:06.090Z] > authorizing via signed-in user
[debug] [2017-06-28T00:06:06.093Z] >>> HTTP REQUEST GET https://admin.firebase.com/v1/projects/order-81eaa  
 Tue Jun 27 2017 21:06:06 GMT-0300 (Hora oficial do Brasil)
[debug] [2017-06-28T00:06:07.498Z] <<< HTTP RESPONSE 200
[debug] [2017-06-28T00:06:07.500Z] >>> HTTP REQUEST GET https://admin.firebase.com/v1/database/order-81eaa/tokens  
 Tue Jun 27 2017 21:06:07 GMT-0300 (Hora oficial do Brasil)
[debug] [2017-06-28T00:06:09.690Z] <<< HTTP RESPONSE 200
[info] 
[info] === Deploying to 'order-81eaa'...
[info] 
[info] i  deploying database, hosting
[info] +  database: rules ready to deploy.
[info] i  hosting: preparing build directory for upload...
[debug] [2017-06-28T00:06:12.892Z] >>> HTTP REQUEST PUT https://deploy.firebase.com/v1/hosting/order-81eaa/uploads/-Kng0FQkWTVnfY6U58dq?fileCount=8&message=  
 Tue Jun 27 2017 21:06:12 GMT-0300 (Hora oficial do Brasil)
